<?xml version="1.0" encoding="UTF-8"?>
<!-- Generated by org.testng.reporters.JUnitReportReporter -->
<testsuite hostname="Ravi" name="runner.RunCuke" tests="1" failures="0" timestamp="18 Jun 2021 14:28:39 GMT" time="52.135" errors="0">
  <testcase name="feature" time="52.135" classname="runner.RunCuke"/>
</testsuite> <!-- runner.RunCuke -->
